<?xml version="1.0" encoding="UTF-8"?>
<!-- Generated by org.testng.reporters.JUnitXMLReporter -->
<testsuite ignored="0" hostname="DESKTOP-AKSS5SR" failures="2" tests="3" name="Test" time="20.372" errors="0" timestamp="2025-03-29T14:22:19 IST">
  <testcase classname="io.cucumber.testng.AbstractTestNGCucumberTests" name="runScenario" time="11.367">
    <failure type="org.openqa.selenium.SessionNotCreatedException" message="session not created: This version of Microsoft Edge WebDriver only supports Microsoft Edge version 125
Current browser version is 134.0.3124.93 with binary path C:\Program Files (x86)\Microsoft\Edge\Application\msedge.exe
Build info: version: &amp;apos;3.141.59&amp;apos;, revision: &amp;apos;e82be7d358&amp;apos;, time: &amp;apos;2018-11-14T08:17:03&amp;apos;
System info: host: &amp;apos;DESKTOP-AKSS5SR&amp;apos;, ip: &amp;apos;192.168.0.114&amp;apos;, os.name: &amp;apos;Windows 10&amp;apos;, os.arch: &amp;apos;amd64&amp;apos;, os.version: &amp;apos;10.0&amp;apos;, java.version: &amp;apos;17.0.9&amp;apos;
Driver info: driver.version: EdgeDriver
remote stacktrace: 	GetHandleVerifier [0x00007FF73D831EB2+56386]
	Microsoft::Applications::Events::ILogConfiguration::operator* [0x00007FF73D7BF398+223928]
	(No symbol) [0x00007FF73D5DE337]
	(No symbol) [0x00007FF73D616633]
	(No symbol) [0x00007FF73D615AEC]
	(No symbol) [0x00007FF73D610174]
	(No symbol) [0x00007FF73D60CBFB]
	(No symbol) [0x00007FF73D64E95C]
	(No symbol) [0x00007FF73D644693]
	(No symbol) [0x00007FF73D619DDE]
	(No symbol) [0x00007FF73D618F9C]
	(No symbol) [0x00007FF73D619991]
	Microsoft::Applications::Events::EventProperty::to_string [0x00007FF73D9C8154+1024180]
	(No symbol) [0x00007FF73D6A073C]
	Microsoft::Applications::Events::EventProperty::~EventProperty [0x00007FF73D737A7C+37516]
	Microsoft::Applications::Events::EventProperty::~EventProperty [0x00007FF73D72FA05+4629]
	Microsoft::Applications::Events::EventProperty::to_string [0x00007FF73D9C7115+1020021]
	Microsoft::Applications::Events::ILogConfiguration::operator* [0x00007FF73D7C9171+264337]
	Microsoft::Applications::Events::ILogConfiguration::operator* [0x00007FF73D7C3BE4+242436]
	Microsoft::Applications::Events::ILogConfiguration::operator* [0x00007FF73D7C3D1B+242747]
	Microsoft::Applications::Events::ILogConfiguration::operator* [0x00007FF73D7B9710+200240]
	BaseThreadInitThunk [0x00007FFB8D247374+20]
	RtlUserThreadStart [0x00007FFB8E47CC91+33]
">
      <![CDATA[org.openqa.selenium.SessionNotCreatedException: session not created: This version of Microsoft Edge WebDriver only supports Microsoft Edge version 125
Current browser version is 134.0.3124.93 with binary path C:\Program Files (x86)\Microsoft\Edge\Application\msedge.exe
Build info: version: '3.141.59', revision: 'e82be7d358', time: '2018-11-14T08:17:03'
System info: host: 'DESKTOP-AKSS5SR', ip: '192.168.0.114', os.name: 'Windows 10', os.arch: 'amd64', os.version: '10.0', java.version: '17.0.9'
Driver info: driver.version: EdgeDriver
remote stacktrace: GetHandleVerifier [0x00007FF73D831EB2+56386]
Microsoft::Applications::Events::ILogConfiguration::operator* [0x00007FF73D7BF398+223928]
(No symbol) [0x00007FF73D5DE337]
(No symbol) [0x00007FF73D616633]
(No symbol) [0x00007FF73D615AEC]
(No symbol) [0x00007FF73D610174]
(No symbol) [0x00007FF73D60CBFB]
(No symbol) [0x00007FF73D64E95C]
(No symbol) [0x00007FF73D644693]
(No symbol) [0x00007FF73D619DDE]
(No symbol) [0x00007FF73D618F9C]
(No symbol) [0x00007FF73D619991]
Microsoft::Applications::Events::EventProperty::to_string [0x00007FF73D9C8154+1024180]
(No symbol) [0x00007FF73D6A073C]
Microsoft::Applications::Events::EventProperty::~EventProperty [0x00007FF73D737A7C+37516]
Microsoft::Applications::Events::EventProperty::~EventProperty [0x00007FF73D72FA05+4629]
Microsoft::Applications::Events::EventProperty::to_string [0x00007FF73D9C7115+1020021]
Microsoft::Applications::Events::ILogConfiguration::operator* [0x00007FF73D7C9171+264337]
Microsoft::Applications::Events::ILogConfiguration::operator* [0x00007FF73D7C3BE4+242436]
Microsoft::Applications::Events::ILogConfiguration::operator* [0x00007FF73D7C3D1B+242747]
Microsoft::Applications::Events::ILogConfiguration::operator* [0x00007FF73D7B9710+200240]
BaseThreadInitThunk [0x00007FFB8D247374+20]
RtlUserThreadStart [0x00007FFB8E47CC91+33]

at org.openqa.selenium.remote.W3CHandshakeResponse.lambda$errorHandler$0(W3CHandshakeResponse.java:62)
at org.openqa.selenium.remote.HandshakeResponse.lambda$getResponseFunction$0(HandshakeResponse.java:30)
at org.openqa.selenium.remote.ProtocolHandshake.lambda$createSession$0(ProtocolHandshake.java:126)
at java.base/java.util.stream.ReferencePipeline$3$1.accept(ReferencePipeline.java:197)
at java.base/java.util.Spliterators$ArraySpliterator.tryAdvance(Spliterators.java:1002)
at java.base/java.util.stream.ReferencePipeline.forEachWithCancel(ReferencePipeline.java:129)
at java.base/java.util.stream.AbstractPipeline.copyIntoWithCancel(AbstractPipeline.java:527)
at java.base/java.util.stream.AbstractPipeline.copyInto(AbstractPipeline.java:513)
at java.base/java.util.stream.AbstractPipeline.wrapAndCopyInto(AbstractPipeline.java:499)
at java.base/java.util.stream.FindOps$FindOp.evaluateSequential(FindOps.java:150)
at java.base/java.util.stream.AbstractPipeline.evaluate(AbstractPipeline.java:234)
at java.base/java.util.stream.ReferencePipeline.findFirst(ReferencePipeline.java:647)
at org.openqa.selenium.remote.ProtocolHandshake.createSession(ProtocolHandshake.java:128)
at org.openqa.selenium.remote.ProtocolHandshake.createSession(ProtocolHandshake.java:74)
at org.openqa.selenium.remote.HttpCommandExecutor.execute(HttpCommandExecutor.java:136)
at org.openqa.selenium.remote.service.DriverCommandExecutor.execute(DriverCommandExecutor.java:83)
at org.openqa.selenium.remote.RemoteWebDriver.execute(RemoteWebDriver.java:552)
at org.openqa.selenium.remote.RemoteWebDriver.startSession(RemoteWebDriver.java:213)
at org.openqa.selenium.remote.RemoteWebDriver.<init>(RemoteWebDriver.java:131)
at org.openqa.selenium.edge.EdgeDriver.<init>(EdgeDriver.java:141)
at org.openqa.selenium.edge.EdgeDriver.<init>(EdgeDriver.java:96)
at com.qa.factory.DriverFactory.init_driver(DriverFactory.java:39)
at Parallel.ApplicationHooks.launchBrowser(ApplicationHooks.java:49)
... Removed 5 stack frames]]>
    </failure>
  </testcase> <!-- runScenario -->
  <testcase classname="io.cucumber.testng.AbstractTestNGCucumberTests" name="runScenario" time="14.87">
    <failure type="org.openqa.selenium.SessionNotCreatedException" message="session not created: This version of Microsoft Edge WebDriver only supports Microsoft Edge version 125
Current browser version is 134.0.3124.93 with binary path C:\Program Files (x86)\Microsoft\Edge\Application\msedge.exe
Build info: version: &amp;apos;3.141.59&amp;apos;, revision: &amp;apos;e82be7d358&amp;apos;, time: &amp;apos;2018-11-14T08:17:03&amp;apos;
System info: host: &amp;apos;DESKTOP-AKSS5SR&amp;apos;, ip: &amp;apos;192.168.0.114&amp;apos;, os.name: &amp;apos;Windows 10&amp;apos;, os.arch: &amp;apos;amd64&amp;apos;, os.version: &amp;apos;10.0&amp;apos;, java.version: &amp;apos;17.0.9&amp;apos;
Driver info: driver.version: EdgeDriver
remote stacktrace: 	GetHandleVerifier [0x00007FF73D831EB2+56386]
	Microsoft::Applications::Events::ILogConfiguration::operator* [0x00007FF73D7BF398+223928]
	(No symbol) [0x00007FF73D5DE337]
	(No symbol) [0x00007FF73D616633]
	(No symbol) [0x00007FF73D615AEC]
	(No symbol) [0x00007FF73D610174]
	(No symbol) [0x00007FF73D60CBFB]
	(No symbol) [0x00007FF73D64E95C]
	(No symbol) [0x00007FF73D644693]
	(No symbol) [0x00007FF73D619DDE]
	(No symbol) [0x00007FF73D618F9C]
	(No symbol) [0x00007FF73D619991]
	Microsoft::Applications::Events::EventProperty::to_string [0x00007FF73D9C8154+1024180]
	(No symbol) [0x00007FF73D6A073C]
	Microsoft::Applications::Events::EventProperty::~EventProperty [0x00007FF73D737A7C+37516]
	Microsoft::Applications::Events::EventProperty::~EventProperty [0x00007FF73D72FA05+4629]
	Microsoft::Applications::Events::EventProperty::to_string [0x00007FF73D9C7115+1020021]
	Microsoft::Applications::Events::ILogConfiguration::operator* [0x00007FF73D7C9171+264337]
	Microsoft::Applications::Events::ILogConfiguration::operator* [0x00007FF73D7C3BE4+242436]
	Microsoft::Applications::Events::ILogConfiguration::operator* [0x00007FF73D7C3D1B+242747]
	Microsoft::Applications::Events::ILogConfiguration::operator* [0x00007FF73D7B9710+200240]
	BaseThreadInitThunk [0x00007FFB8D247374+20]
	RtlUserThreadStart [0x00007FFB8E47CC91+33]
">
      <![CDATA[org.openqa.selenium.SessionNotCreatedException: session not created: This version of Microsoft Edge WebDriver only supports Microsoft Edge version 125
Current browser version is 134.0.3124.93 with binary path C:\Program Files (x86)\Microsoft\Edge\Application\msedge.exe
Build info: version: '3.141.59', revision: 'e82be7d358', time: '2018-11-14T08:17:03'
System info: host: 'DESKTOP-AKSS5SR', ip: '192.168.0.114', os.name: 'Windows 10', os.arch: 'amd64', os.version: '10.0', java.version: '17.0.9'
Driver info: driver.version: EdgeDriver
remote stacktrace: GetHandleVerifier [0x00007FF73D831EB2+56386]
Microsoft::Applications::Events::ILogConfiguration::operator* [0x00007FF73D7BF398+223928]
(No symbol) [0x00007FF73D5DE337]
(No symbol) [0x00007FF73D616633]
(No symbol) [0x00007FF73D615AEC]
(No symbol) [0x00007FF73D610174]
(No symbol) [0x00007FF73D60CBFB]
(No symbol) [0x00007FF73D64E95C]
(No symbol) [0x00007FF73D644693]
(No symbol) [0x00007FF73D619DDE]
(No symbol) [0x00007FF73D618F9C]
(No symbol) [0x00007FF73D619991]
Microsoft::Applications::Events::EventProperty::to_string [0x00007FF73D9C8154+1024180]
(No symbol) [0x00007FF73D6A073C]
Microsoft::Applications::Events::EventProperty::~EventProperty [0x00007FF73D737A7C+37516]
Microsoft::Applications::Events::EventProperty::~EventProperty [0x00007FF73D72FA05+4629]
Microsoft::Applications::Events::EventProperty::to_string [0x00007FF73D9C7115+1020021]
Microsoft::Applications::Events::ILogConfiguration::operator* [0x00007FF73D7C9171+264337]
Microsoft::Applications::Events::ILogConfiguration::operator* [0x00007FF73D7C3BE4+242436]
Microsoft::Applications::Events::ILogConfiguration::operator* [0x00007FF73D7C3D1B+242747]
Microsoft::Applications::Events::ILogConfiguration::operator* [0x00007FF73D7B9710+200240]
BaseThreadInitThunk [0x00007FFB8D247374+20]
RtlUserThreadStart [0x00007FFB8E47CC91+33]

at org.openqa.selenium.remote.W3CHandshakeResponse.lambda$errorHandler$0(W3CHandshakeResponse.java:62)
at org.openqa.selenium.remote.HandshakeResponse.lambda$getResponseFunction$0(HandshakeResponse.java:30)
at org.openqa.selenium.remote.ProtocolHandshake.lambda$createSession$0(ProtocolHandshake.java:126)
at java.base/java.util.stream.ReferencePipeline$3$1.accept(ReferencePipeline.java:197)
at java.base/java.util.Spliterators$ArraySpliterator.tryAdvance(Spliterators.java:1002)
at java.base/java.util.stream.ReferencePipeline.forEachWithCancel(ReferencePipeline.java:129)
at java.base/java.util.stream.AbstractPipeline.copyIntoWithCancel(AbstractPipeline.java:527)
at java.base/java.util.stream.AbstractPipeline.copyInto(AbstractPipeline.java:513)
at java.base/java.util.stream.AbstractPipeline.wrapAndCopyInto(AbstractPipeline.java:499)
at java.base/java.util.stream.FindOps$FindOp.evaluateSequential(FindOps.java:150)
at java.base/java.util.stream.AbstractPipeline.evaluate(AbstractPipeline.java:234)
at java.base/java.util.stream.ReferencePipeline.findFirst(ReferencePipeline.java:647)
at org.openqa.selenium.remote.ProtocolHandshake.createSession(ProtocolHandshake.java:128)
at org.openqa.selenium.remote.ProtocolHandshake.createSession(ProtocolHandshake.java:74)
at org.openqa.selenium.remote.HttpCommandExecutor.execute(HttpCommandExecutor.java:136)
at org.openqa.selenium.remote.service.DriverCommandExecutor.execute(DriverCommandExecutor.java:83)
at org.openqa.selenium.remote.RemoteWebDriver.execute(RemoteWebDriver.java:552)
at org.openqa.selenium.remote.RemoteWebDriver.startSession(RemoteWebDriver.java:213)
at org.openqa.selenium.remote.RemoteWebDriver.<init>(RemoteWebDriver.java:131)
at org.openqa.selenium.edge.EdgeDriver.<init>(EdgeDriver.java:141)
at org.openqa.selenium.edge.EdgeDriver.<init>(EdgeDriver.java:96)
at com.qa.factory.DriverFactory.init_driver(DriverFactory.java:39)
at Parallel.ApplicationHooks.launchBrowser(ApplicationHooks.java:49)
... Removed 5 stack frames]]>
    </failure>
  </testcase> <!-- runScenario -->
  <testcase classname="io.cucumber.testng.AbstractTestNGCucumberTests" name="runScenario" time="15.71"/>
</testsuite> <!-- Test -->
