<?xml version="1.0" encoding="UTF-8"?>
<!-- Generated by org.testng.reporters.JUnitXMLReporter -->
<testsuite ignored="0" hostname="DESKTOP-7OGS9KI" failures="1" tests="1" name="TestFF(failed)(failed)(failed)" time="32.236" errors="0" timestamp="2023-08-01T09:51:05 IST">
  <testcase classname="com.qspider.scripts.VerifyBuildNumber" name="testVerifyBuildNumber" time="9.684">
    <failure type="java.lang.AssertionError" message="expected [(build 1405_20)] but found []">
      <![CDATA[java.lang.AssertionError: expected [(build 1405_20)] but found []
at com.qspider.pom.EnterTimeTrackPage.verifyBuildNumber(EnterTimeTrackPage.java:40)
at com.qspider.scripts.VerifyBuildNumber.testVerifyBuildNumber(VerifyBuildNumber.java:25)
at java.base/java.util.ArrayList.forEach(ArrayList.java:1511)
at java.base/java.util.concurrent.FutureTask.run(FutureTask.java:264)
at java.base/java.util.concurrent.ThreadPoolExecutor.runWorker(ThreadPoolExecutor.java:1130)
at java.base/java.util.concurrent.ThreadPoolExecutor$Worker.run(ThreadPoolExecutor.java:630)
at java.base/java.lang.Thread.run(Thread.java:832)
... Removed 23 stack frames]]>
    </failure>
  </testcase> <!-- testVerifyBuildNumber -->
</testsuite> <!-- TestFF(failed)(failed)(failed) -->
