<?xml version="1.0" encoding="UTF-8"?>
<testng-results ignored="0" total="3" passed="0" failed="3" skipped="0">
  <reporter-output>
  </reporter-output>
  <suite started-at="2025-03-29T16:12:55 IST" name="Default suite" finished-at="2025-03-29T16:13:11 IST" duration-ms="15935">
    <groups>
      <group name="cucumber">
        <method signature="AbstractTestNGCucumberTests.runScenario(io.cucumber.testng.PickleWrapper,io.cucumber.testng.FeatureWrapper)[pri:0, instance:Runner.TestNGRunner@5677323c]" name="runScenario" class="io.cucumber.testng.AbstractTestNGCucumberTests"/>
      </group> <!-- cucumber -->
    </groups>
    <test started-at="2025-03-29T16:12:55 IST" name="Default test" finished-at="2025-03-29T16:13:11 IST" duration-ms="15935">
      <class name="Runner.TestNGRunner">
        <test-method is-config="true" signature="setUpClass()[pri:0, instance:Runner.TestNGRunner@5677323c]" started-at="2025-03-29T16:12:55 IST" name="setUpClass" finished-at="2025-03-29T16:12:56 IST" duration-ms="1220" status="PASS">
          <reporter-output>
          </reporter-output>
        </test-method> <!-- setUpClass -->
        <test-method signature="runScenario(io.cucumber.testng.PickleWrapper,io.cucumber.testng.FeatureWrapper)[pri:0, instance:Runner.TestNGRunner@5677323c]" started-at="2025-03-29T16:12:56 IST" name="runScenario" description="Runs Cucumber Scenarios" data-provider="scenarios" finished-at="2025-03-29T16:13:04 IST" duration-ms="7927" status="FAIL">
          <params>
            <param index="0">
              <value>
                <![CDATA["Login Data Driven Excel"]]>
              </value>
            </param>
            <param index="1">
              <value>
                <![CDATA["Optional[Login Data Driven with Excel]"]]>
              </value>
            </param>
          </params>
          <exception class="org.openqa.selenium.SessionNotCreatedException">
            <message>
              <![CDATA[session not created: This version of ChromeDriver only supports Chrome version 114
Current browser version is 134.0.6998.118 with binary path C:\Program Files\Google\Chrome\Application\chrome.exe
Build info: version: '3.141.59', revision: 'e82be7d358', time: '2018-11-14T08:17:03'
System info: host: 'DESKTOP-AKSS5SR', ip: '192.168.0.114', os.name: 'Windows 10', os.arch: 'amd64', os.version: '10.0', java.version: '17.0.9'
Driver info: driver.version: ChromeDriver
remote stacktrace: Backtrace:
GetHandleVerifier [0x011EA813+48355]
(No symbol) [0x0117C4B1]
(No symbol) [0x01085358]
(No symbol) [0x010A61AC]
(No symbol) [0x010A1EF3]
(No symbol) [0x010A0579]
(No symbol) [0x010D0C55]
(No symbol) [0x010D093C]
(No symbol) [0x010CA536]
(No symbol) [0x010A82DC]
(No symbol) [0x010A93DD]
GetHandleVerifier [0x0144AABD+2539405]
GetHandleVerifier [0x0148A78F+2800735]
GetHandleVerifier [0x0148456C+2775612]
GetHandleVerifier [0x012751E0+616112]
(No symbol) [0x01185F8C]
(No symbol) [0x01182328]
(No symbol) [0x0118240B]
(No symbol) [0x01174FF7]
BaseThreadInitThunk [0x76D6FCC9+25]
RtlGetAppContainerNamedObjectPath [0x77DC82AE+286]
RtlGetAppContainerNamedObjectPath [0x77DC827E+238]
]]>
            </message>
            <full-stacktrace>
              <![CDATA[org.openqa.selenium.SessionNotCreatedException: session not created: This version of ChromeDriver only supports Chrome version 114
Current browser version is 134.0.6998.118 with binary path C:\Program Files\Google\Chrome\Application\chrome.exe
Build info: version: '3.141.59', revision: 'e82be7d358', time: '2018-11-14T08:17:03'
System info: host: 'DESKTOP-AKSS5SR', ip: '192.168.0.114', os.name: 'Windows 10', os.arch: 'amd64', os.version: '10.0', java.version: '17.0.9'
Driver info: driver.version: ChromeDriver
remote stacktrace: Backtrace:
GetHandleVerifier [0x011EA813+48355]
(No symbol) [0x0117C4B1]
(No symbol) [0x01085358]
(No symbol) [0x010A61AC]
(No symbol) [0x010A1EF3]
(No symbol) [0x010A0579]
(No symbol) [0x010D0C55]
(No symbol) [0x010D093C]
(No symbol) [0x010CA536]
(No symbol) [0x010A82DC]
(No symbol) [0x010A93DD]
GetHandleVerifier [0x0144AABD+2539405]
GetHandleVerifier [0x0148A78F+2800735]
GetHandleVerifier [0x0148456C+2775612]
GetHandleVerifier [0x012751E0+616112]
(No symbol) [0x01185F8C]
(No symbol) [0x01182328]
(No symbol) [0x0118240B]
(No symbol) [0x01174FF7]
BaseThreadInitThunk [0x76D6FCC9+25]
RtlGetAppContainerNamedObjectPath [0x77DC82AE+286]
RtlGetAppContainerNamedObjectPath [0x77DC827E+238]

at java.base/jdk.internal.reflect.NativeConstructorAccessorImpl.newInstance0(Native Method)
at java.base/jdk.internal.reflect.NativeConstructorAccessorImpl.newInstance(NativeConstructorAccessorImpl.java:77)
at java.base/jdk.internal.reflect.DelegatingConstructorAccessorImpl.newInstance(DelegatingConstructorAccessorImpl.java:45)
at java.base/java.lang.reflect.Constructor.newInstanceWithCaller(Constructor.java:499)
at java.base/java.lang.reflect.Constructor.newInstance(Constructor.java:480)
at org.openqa.selenium.remote.W3CHandshakeResponse.lambda$errorHandler$0(W3CHandshakeResponse.java:62)
at org.openqa.selenium.remote.HandshakeResponse.lambda$getResponseFunction$0(HandshakeResponse.java:30)
at org.openqa.selenium.remote.ProtocolHandshake.lambda$createSession$0(ProtocolHandshake.java:126)
at java.base/java.util.stream.ReferencePipeline$3$1.accept(ReferencePipeline.java:197)
at java.base/java.util.Spliterators$ArraySpliterator.tryAdvance(Spliterators.java:1002)
at java.base/java.util.stream.ReferencePipeline.forEachWithCancel(ReferencePipeline.java:129)
at java.base/java.util.stream.AbstractPipeline.copyIntoWithCancel(AbstractPipeline.java:527)
at java.base/java.util.stream.AbstractPipeline.copyInto(AbstractPipeline.java:513)
at java.base/java.util.stream.AbstractPipeline.wrapAndCopyInto(AbstractPipeline.java:499)
at java.base/java.util.stream.FindOps$FindOp.evaluateSequential(FindOps.java:150)
at java.base/java.util.stream.AbstractPipeline.evaluate(AbstractPipeline.java:234)
at java.base/java.util.stream.ReferencePipeline.findFirst(ReferencePipeline.java:647)
at org.openqa.selenium.remote.ProtocolHandshake.createSession(ProtocolHandshake.java:128)
at org.openqa.selenium.remote.ProtocolHandshake.createSession(ProtocolHandshake.java:74)
at org.openqa.selenium.remote.HttpCommandExecutor.execute(HttpCommandExecutor.java:136)
at org.openqa.selenium.remote.service.DriverCommandExecutor.execute(DriverCommandExecutor.java:83)
at org.openqa.selenium.remote.RemoteWebDriver.execute(RemoteWebDriver.java:552)
at org.openqa.selenium.remote.RemoteWebDriver.startSession(RemoteWebDriver.java:213)
at org.openqa.selenium.remote.RemoteWebDriver.<init>(RemoteWebDriver.java:131)
at org.openqa.selenium.chrome.ChromeDriver.<init>(ChromeDriver.java:181)
at org.openqa.selenium.chrome.ChromeDriver.<init>(ChromeDriver.java:168)
at org.openqa.selenium.chrome.ChromeDriver.<init>(ChromeDriver.java:123)
at com.qa.factory.DriverFactory.init_driver(DriverFactory.java:33)
at Parallel.ApplicationHooks.launchBrowser(ApplicationHooks.java:47)
]]>
            </full-stacktrace>
          </exception> <!-- org.openqa.selenium.SessionNotCreatedException -->
          <reporter-output>
          </reporter-output>
        </test-method> <!-- runScenario -->
        <test-method signature="runScenario(io.cucumber.testng.PickleWrapper,io.cucumber.testng.FeatureWrapper)[pri:0, instance:Runner.TestNGRunner@5677323c]" started-at="2025-03-29T16:12:56 IST" name="runScenario" description="Runs Cucumber Scenarios" data-provider="scenarios" finished-at="2025-03-29T16:13:05 IST" duration-ms="8523" status="FAIL">
          <params>
            <param index="0">
              <value>
                <![CDATA["Login Data Driven Excel"]]>
              </value>
            </param>
            <param index="1">
              <value>
                <![CDATA["Optional[Login Data Driven with Excel]"]]>
              </value>
            </param>
          </params>
          <exception class="org.openqa.selenium.SessionNotCreatedException">
            <message>
              <![CDATA[session not created: This version of ChromeDriver only supports Chrome version 114
Current browser version is 134.0.6998.118 with binary path C:\Program Files\Google\Chrome\Application\chrome.exe
Build info: version: '3.141.59', revision: 'e82be7d358', time: '2018-11-14T08:17:03'
System info: host: 'DESKTOP-AKSS5SR', ip: '192.168.0.114', os.name: 'Windows 10', os.arch: 'amd64', os.version: '10.0', java.version: '17.0.9'
Driver info: driver.version: ChromeDriver
remote stacktrace: Backtrace:
GetHandleVerifier [0x011EA813+48355]
(No symbol) [0x0117C4B1]
(No symbol) [0x01085358]
(No symbol) [0x010A61AC]
(No symbol) [0x010A1EF3]
(No symbol) [0x010A0579]
(No symbol) [0x010D0C55]
(No symbol) [0x010D093C]
(No symbol) [0x010CA536]
(No symbol) [0x010A82DC]
(No symbol) [0x010A93DD]
GetHandleVerifier [0x0144AABD+2539405]
GetHandleVerifier [0x0148A78F+2800735]
GetHandleVerifier [0x0148456C+2775612]
GetHandleVerifier [0x012751E0+616112]
(No symbol) [0x01185F8C]
(No symbol) [0x01182328]
(No symbol) [0x0118240B]
(No symbol) [0x01174FF7]
BaseThreadInitThunk [0x76D6FCC9+25]
RtlGetAppContainerNamedObjectPath [0x77DC82AE+286]
RtlGetAppContainerNamedObjectPath [0x77DC827E+238]
]]>
            </message>
            <full-stacktrace>
              <![CDATA[org.openqa.selenium.SessionNotCreatedException: session not created: This version of ChromeDriver only supports Chrome version 114
Current browser version is 134.0.6998.118 with binary path C:\Program Files\Google\Chrome\Application\chrome.exe
Build info: version: '3.141.59', revision: 'e82be7d358', time: '2018-11-14T08:17:03'
System info: host: 'DESKTOP-AKSS5SR', ip: '192.168.0.114', os.name: 'Windows 10', os.arch: 'amd64', os.version: '10.0', java.version: '17.0.9'
Driver info: driver.version: ChromeDriver
remote stacktrace: Backtrace:
GetHandleVerifier [0x011EA813+48355]
(No symbol) [0x0117C4B1]
(No symbol) [0x01085358]
(No symbol) [0x010A61AC]
(No symbol) [0x010A1EF3]
(No symbol) [0x010A0579]
(No symbol) [0x010D0C55]
(No symbol) [0x010D093C]
(No symbol) [0x010CA536]
(No symbol) [0x010A82DC]
(No symbol) [0x010A93DD]
GetHandleVerifier [0x0144AABD+2539405]
GetHandleVerifier [0x0148A78F+2800735]
GetHandleVerifier [0x0148456C+2775612]
GetHandleVerifier [0x012751E0+616112]
(No symbol) [0x01185F8C]
(No symbol) [0x01182328]
(No symbol) [0x0118240B]
(No symbol) [0x01174FF7]
BaseThreadInitThunk [0x76D6FCC9+25]
RtlGetAppContainerNamedObjectPath [0x77DC82AE+286]
RtlGetAppContainerNamedObjectPath [0x77DC827E+238]

at java.base/jdk.internal.reflect.NativeConstructorAccessorImpl.newInstance0(Native Method)
at java.base/jdk.internal.reflect.NativeConstructorAccessorImpl.newInstance(NativeConstructorAccessorImpl.java:77)
at java.base/jdk.internal.reflect.DelegatingConstructorAccessorImpl.newInstance(DelegatingConstructorAccessorImpl.java:45)
at java.base/java.lang.reflect.Constructor.newInstanceWithCaller(Constructor.java:499)
at java.base/java.lang.reflect.Constructor.newInstance(Constructor.java:480)
at org.openqa.selenium.remote.W3CHandshakeResponse.lambda$errorHandler$0(W3CHandshakeResponse.java:62)
at org.openqa.selenium.remote.HandshakeResponse.lambda$getResponseFunction$0(HandshakeResponse.java:30)
at org.openqa.selenium.remote.ProtocolHandshake.lambda$createSession$0(ProtocolHandshake.java:126)
at java.base/java.util.stream.ReferencePipeline$3$1.accept(ReferencePipeline.java:197)
at java.base/java.util.Spliterators$ArraySpliterator.tryAdvance(Spliterators.java:1002)
at java.base/java.util.stream.ReferencePipeline.forEachWithCancel(ReferencePipeline.java:129)
at java.base/java.util.stream.AbstractPipeline.copyIntoWithCancel(AbstractPipeline.java:527)
at java.base/java.util.stream.AbstractPipeline.copyInto(AbstractPipeline.java:513)
at java.base/java.util.stream.AbstractPipeline.wrapAndCopyInto(AbstractPipeline.java:499)
at java.base/java.util.stream.FindOps$FindOp.evaluateSequential(FindOps.java:150)
at java.base/java.util.stream.AbstractPipeline.evaluate(AbstractPipeline.java:234)
at java.base/java.util.stream.ReferencePipeline.findFirst(ReferencePipeline.java:647)
at org.openqa.selenium.remote.ProtocolHandshake.createSession(ProtocolHandshake.java:128)
at org.openqa.selenium.remote.ProtocolHandshake.createSession(ProtocolHandshake.java:74)
at org.openqa.selenium.remote.HttpCommandExecutor.execute(HttpCommandExecutor.java:136)
at org.openqa.selenium.remote.service.DriverCommandExecutor.execute(DriverCommandExecutor.java:83)
at org.openqa.selenium.remote.RemoteWebDriver.execute(RemoteWebDriver.java:552)
at org.openqa.selenium.remote.RemoteWebDriver.startSession(RemoteWebDriver.java:213)
at org.openqa.selenium.remote.RemoteWebDriver.<init>(RemoteWebDriver.java:131)
at org.openqa.selenium.chrome.ChromeDriver.<init>(ChromeDriver.java:181)
at org.openqa.selenium.chrome.ChromeDriver.<init>(ChromeDriver.java:168)
at org.openqa.selenium.chrome.ChromeDriver.<init>(ChromeDriver.java:123)
at com.qa.factory.DriverFactory.init_driver(DriverFactory.java:33)
at Parallel.ApplicationHooks.launchBrowser(ApplicationHooks.java:47)
]]>
            </full-stacktrace>
          </exception> <!-- org.openqa.selenium.SessionNotCreatedException -->
          <reporter-output>
          </reporter-output>
        </test-method> <!-- runScenario -->
        <test-method signature="runScenario(io.cucumber.testng.PickleWrapper,io.cucumber.testng.FeatureWrapper)[pri:0, instance:Runner.TestNGRunner@5677323c]" started-at="2025-03-29T16:12:56 IST" name="runScenario" description="Runs Cucumber Scenarios" data-provider="scenarios" finished-at="2025-03-29T16:13:07 IST" duration-ms="10717" status="FAIL">
          <params>
            <param index="0">
              <value>
                <![CDATA["Login Data Driven Excel"]]>
              </value>
            </param>
            <param index="1">
              <value>
                <![CDATA["Optional[Login Data Driven with Excel]"]]>
              </value>
            </param>
          </params>
          <exception class="org.openqa.selenium.SessionNotCreatedException">
            <message>
              <![CDATA[session not created: This version of ChromeDriver only supports Chrome version 114
Current browser version is 134.0.6998.118 with binary path C:\Program Files\Google\Chrome\Application\chrome.exe
Build info: version: '3.141.59', revision: 'e82be7d358', time: '2018-11-14T08:17:03'
System info: host: 'DESKTOP-AKSS5SR', ip: '192.168.0.114', os.name: 'Windows 10', os.arch: 'amd64', os.version: '10.0', java.version: '17.0.9'
Driver info: driver.version: ChromeDriver
remote stacktrace: Backtrace:
GetHandleVerifier [0x011EA813+48355]
(No symbol) [0x0117C4B1]
(No symbol) [0x01085358]
(No symbol) [0x010A61AC]
(No symbol) [0x010A1EF3]
(No symbol) [0x010A0579]
(No symbol) [0x010D0C55]
(No symbol) [0x010D093C]
(No symbol) [0x010CA536]
(No symbol) [0x010A82DC]
(No symbol) [0x010A93DD]
GetHandleVerifier [0x0144AABD+2539405]
GetHandleVerifier [0x0148A78F+2800735]
GetHandleVerifier [0x0148456C+2775612]
GetHandleVerifier [0x012751E0+616112]
(No symbol) [0x01185F8C]
(No symbol) [0x01182328]
(No symbol) [0x0118240B]
(No symbol) [0x01174FF7]
BaseThreadInitThunk [0x76D6FCC9+25]
RtlGetAppContainerNamedObjectPath [0x77DC82AE+286]
RtlGetAppContainerNamedObjectPath [0x77DC827E+238]
]]>
            </message>
            <full-stacktrace>
              <![CDATA[org.openqa.selenium.SessionNotCreatedException: session not created: This version of ChromeDriver only supports Chrome version 114
Current browser version is 134.0.6998.118 with binary path C:\Program Files\Google\Chrome\Application\chrome.exe
Build info: version: '3.141.59', revision: 'e82be7d358', time: '2018-11-14T08:17:03'
System info: host: 'DESKTOP-AKSS5SR', ip: '192.168.0.114', os.name: 'Windows 10', os.arch: 'amd64', os.version: '10.0', java.version: '17.0.9'
Driver info: driver.version: ChromeDriver
remote stacktrace: Backtrace:
GetHandleVerifier [0x011EA813+48355]
(No symbol) [0x0117C4B1]
(No symbol) [0x01085358]
(No symbol) [0x010A61AC]
(No symbol) [0x010A1EF3]
(No symbol) [0x010A0579]
(No symbol) [0x010D0C55]
(No symbol) [0x010D093C]
(No symbol) [0x010CA536]
(No symbol) [0x010A82DC]
(No symbol) [0x010A93DD]
GetHandleVerifier [0x0144AABD+2539405]
GetHandleVerifier [0x0148A78F+2800735]
GetHandleVerifier [0x0148456C+2775612]
GetHandleVerifier [0x012751E0+616112]
(No symbol) [0x01185F8C]
(No symbol) [0x01182328]
(No symbol) [0x0118240B]
(No symbol) [0x01174FF7]
BaseThreadInitThunk [0x76D6FCC9+25]
RtlGetAppContainerNamedObjectPath [0x77DC82AE+286]
RtlGetAppContainerNamedObjectPath [0x77DC827E+238]

at java.base/jdk.internal.reflect.NativeConstructorAccessorImpl.newInstance0(Native Method)
at java.base/jdk.internal.reflect.NativeConstructorAccessorImpl.newInstance(NativeConstructorAccessorImpl.java:77)
at java.base/jdk.internal.reflect.DelegatingConstructorAccessorImpl.newInstance(DelegatingConstructorAccessorImpl.java:45)
at java.base/java.lang.reflect.Constructor.newInstanceWithCaller(Constructor.java:499)
at java.base/java.lang.reflect.Constructor.newInstance(Constructor.java:480)
at org.openqa.selenium.remote.W3CHandshakeResponse.lambda$errorHandler$0(W3CHandshakeResponse.java:62)
at org.openqa.selenium.remote.HandshakeResponse.lambda$getResponseFunction$0(HandshakeResponse.java:30)
at org.openqa.selenium.remote.ProtocolHandshake.lambda$createSession$0(ProtocolHandshake.java:126)
at java.base/java.util.stream.ReferencePipeline$3$1.accept(ReferencePipeline.java:197)
at java.base/java.util.Spliterators$ArraySpliterator.tryAdvance(Spliterators.java:1002)
at java.base/java.util.stream.ReferencePipeline.forEachWithCancel(ReferencePipeline.java:129)
at java.base/java.util.stream.AbstractPipeline.copyIntoWithCancel(AbstractPipeline.java:527)
at java.base/java.util.stream.AbstractPipeline.copyInto(AbstractPipeline.java:513)
at java.base/java.util.stream.AbstractPipeline.wrapAndCopyInto(AbstractPipeline.java:499)
at java.base/java.util.stream.FindOps$FindOp.evaluateSequential(FindOps.java:150)
at java.base/java.util.stream.AbstractPipeline.evaluate(AbstractPipeline.java:234)
at java.base/java.util.stream.ReferencePipeline.findFirst(ReferencePipeline.java:647)
at org.openqa.selenium.remote.ProtocolHandshake.createSession(ProtocolHandshake.java:128)
at org.openqa.selenium.remote.ProtocolHandshake.createSession(ProtocolHandshake.java:74)
at org.openqa.selenium.remote.HttpCommandExecutor.execute(HttpCommandExecutor.java:136)
at org.openqa.selenium.remote.service.DriverCommandExecutor.execute(DriverCommandExecutor.java:83)
at org.openqa.selenium.remote.RemoteWebDriver.execute(RemoteWebDriver.java:552)
at org.openqa.selenium.remote.RemoteWebDriver.startSession(RemoteWebDriver.java:213)
at org.openqa.selenium.remote.RemoteWebDriver.<init>(RemoteWebDriver.java:131)
at org.openqa.selenium.chrome.ChromeDriver.<init>(ChromeDriver.java:181)
at org.openqa.selenium.chrome.ChromeDriver.<init>(ChromeDriver.java:168)
at org.openqa.selenium.chrome.ChromeDriver.<init>(ChromeDriver.java:123)
at com.qa.factory.DriverFactory.init_driver(DriverFactory.java:33)
at Parallel.ApplicationHooks.launchBrowser(ApplicationHooks.java:47)
]]>
            </full-stacktrace>
          </exception> <!-- org.openqa.selenium.SessionNotCreatedException -->
          <reporter-output>
          </reporter-output>
        </test-method> <!-- runScenario -->
        <test-method is-config="true" signature="tearDownClass()[pri:0, instance:Runner.TestNGRunner@5677323c]" started-at="2025-03-29T16:13:07 IST" name="tearDownClass" finished-at="2025-03-29T16:13:11 IST" duration-ms="3935" status="PASS">
          <reporter-output>
          </reporter-output>
        </test-method> <!-- tearDownClass -->
      </class> <!-- Runner.TestNGRunner -->
    </test> <!-- Default test -->
  </suite> <!-- Default suite -->
</testng-results>
