<?xml version="1.0" encoding="UTF-8"?>
<!-- Generated by org.testng.reporters.JUnitXMLReporter -->
<testsuite ignored="0" hostname="DESKTOP-7OGS9KI" failures="1" tests="1" name="Test(failed)(failed)" time="30.894" errors="0" timestamp="2023-07-30T13:38:22 IST">
  <testcase classname="scripts.VerifyBuildNumber" name="testVerifyBuildNumber" time="10.546">
    <failure type="java.lang.AssertionError" message="expected [(build 24252)] but found [(build 1405_20)]">
      <![CDATA[java.lang.AssertionError: expected [(build 24252)] but found [(build 1405_20)]
at pom.EnterTimeTrackPage.verifyBuildNumber(EnterTimeTrackPage.java:39)
at scripts.VerifyBuildNumber.testVerifyBuildNumber(VerifyBuildNumber.java:25)
at java.base/java.util.ArrayList.forEach(ArrayList.java:1511)
... Removed 33 stack frames]]>
    </failure>
  </testcase> <!-- testVerifyBuildNumber -->
</testsuite> <!-- Test(failed)(failed) -->
