<?xml version="1.0" encoding="UTF-8"?>
<!-- Generated by org.testng.reporters.JUnitXMLReporter -->
<testsuite ignored="3" hostname="DESKTOP-7OGS9KI" failures="1" tests="1" name="Default test(failed)" time="0.138" errors="0" timestamp="2023-07-29T21:09:59 IST">
  <testcase classname="com.selenium.java.P42_TestNG_Attributes" name="login" time="0.027">
    <failure type="java.lang.AssertionError" message="null">
      <![CDATA[java.lang.AssertionError: null
at com.selenium.java.P42_TestNG_Attributes.login(P42_TestNG_Attributes.java:9)
at java.base/java.util.ArrayList.forEach(ArrayList.java:1511)
... Removed 29 stack frames]]>
    </failure>
  </testcase> <!-- login -->
  <testcase classname="com.selenium.java.P42_TestNG_Attributes" name="logout" time="0.0">
    <ignored/>
  </testcase> <!-- logout -->
  <testcase classname="com.selenium.java.P42_TestNG_Attributes" name="compose" time="0.0">
    <ignored/>
  </testcase> <!-- compose -->
  <testcase classname="com.selenium.java.P42_TestNG_Attributes" name="inbox" time="0.0">
    <ignored/>
  </testcase> <!-- inbox -->
</testsuite> <!-- Default test(failed) -->
