<?xml version="1.0" encoding="UTF-8"?>
<!-- Generated by org.testng.reporters.JUnitReportReporter -->
<testsuite hostname="DESKTOP-7OGS9KI" failures="0" tests="8" name="com.hyrtutorials.testng.TestAttributes" time="166.475" errors="1" timestamp="2023-08-25T10:50:15 IST" skipped="0">
  <testcase classname="com.hyrtutorials.testng.TestAttributes" name="testmethod3" time="30.157"/>
  <testcase classname="com.hyrtutorials.testng.TestAttributes" name="testmethod1" time="12.043"/>
  <testcase classname="com.hyrtutorials.testng.TestAttributes" name="testmethod3" time="21.219"/>
  <testcase classname="com.hyrtutorials.testng.TestAttributes" name="testmethod1" time="37.445"/>
  <testcase classname="com.hyrtutorials.testng.TestAttributes" name="testmethod3" time="25.911"/>
  <testcase classname="com.hyrtutorials.testng.TestAttributes" name="testmethod2" time="10.130">
    <error message="Method com.hyrtutorials.testng.TestAttributes.testmethod2() didn&#039;t finish within the time-out 10000" type="org.testng.internal.thread.ThreadTimeoutException">
      <![CDATA[org.testng.internal.thread.ThreadTimeoutException: Method com.hyrtutorials.testng.TestAttributes.testmethod2() didn't finish within the time-out 10000
at java.base@15.0.1/jdk.internal.misc.Unsafe.park(Native Method)
at java.base@15.0.1/java.util.concurrent.locks.LockSupport.parkNanos(LockSupport.java:252)
at java.base@15.0.1/java.util.concurrent.CompletableFuture$Signaller.block(CompletableFuture.java:1862)
at java.base@15.0.1/java.util.concurrent.ForkJoinPool.managedBlock(ForkJoinPool.java:3137)
at java.base@15.0.1/java.util.concurrent.CompletableFuture.timedGet(CompletableFuture.java:1932)
at java.base@15.0.1/java.util.concurrent.CompletableFuture.get(CompletableFuture.java:2085)
at app//org.asynchttpclient.netty.NettyResponseFuture.get(NettyResponseFuture.java:206)
at app//org.openqa.selenium.remote.http.netty.NettyHttpHandler.makeCall(NettyHttpHandler.java:59)
at app//org.openqa.selenium.remote.http.netty.NettyHttpHandler$$Lambda$300/0x00000001002cd4e8.execute(Unknown Source)
at app//org.openqa.selenium.remote.http.AddSeleniumUserAgent.lambda$apply$0(AddSeleniumUserAgent.java:42)
at app//org.openqa.selenium.remote.http.AddSeleniumUserAgent$$Lambda$403/0x0000000100303860.execute(Unknown Source)
at app//org.openqa.selenium.remote.http.Filter.lambda$andFinally$1(Filter.java:55)
at app//org.openqa.selenium.remote.http.Filter$$Lambda$301/0x00000001002cd718.execute(Unknown Source)
at app//org.openqa.selenium.remote.http.netty.NettyHttpHandler.execute(NettyHttpHandler.java:48)
at app//org.openqa.selenium.remote.http.AddSeleniumUserAgent.lambda$apply$0(AddSeleniumUserAgent.java:42)
at app//org.openqa.selenium.remote.http.AddSeleniumUserAgent$$Lambda$403/0x0000000100303860.execute(Unknown Source)
at app//org.openqa.selenium.remote.http.Filter.lambda$andFinally$1(Filter.java:55)
at app//org.openqa.selenium.remote.http.Filter$$Lambda$301/0x00000001002cd718.execute(Unknown Source)
at app//org.openqa.selenium.remote.http.netty.NettyClient.execute(NettyClient.java:97)
at app//org.openqa.selenium.remote.HttpCommandExecutor.execute(HttpCommandExecutor.java:188)
at app//org.openqa.selenium.remote.service.DriverCommandExecutor.invokeExecute(DriverCommandExecutor.java:196)
at app//org.openqa.selenium.remote.service.DriverCommandExecutor.execute(DriverCommandExecutor.java:171)
at app//org.openqa.selenium.remote.RemoteWebDriver.execute(RemoteWebDriver.java:531)
at app//org.openqa.selenium.remote.ElementLocation$ElementFinder$2.findElement(ElementLocation.java:165)
at app//org.openqa.selenium.remote.ElementLocation.findElement(ElementLocation.java:59)
at app//org.openqa.selenium.remote.RemoteWebDriver.findElement(RemoteWebDriver.java:350)
at app//org.openqa.selenium.remote.RemoteWebDriver.findElement(RemoteWebDriver.java:344)
at app//com.hyrtutorials.testng.TestAttributes.testmethod2(TestAttributes.java:31)
at java.base@15.0.1/jdk.internal.reflect.NativeMethodAccessorImpl.invoke0(Native Method)
at java.base@15.0.1/jdk.internal.reflect.NativeMethodAccessorImpl.invoke(NativeMethodAccessorImpl.java:64)
at java.base@15.0.1/jdk.internal.reflect.DelegatingMethodAccessorImpl.invoke(DelegatingMethodAccessorImpl.java:43)
at java.base@15.0.1/java.lang.reflect.Method.invoke(Method.java:564)
at app//org.testng.internal.invokers.MethodInvocationHelper.invokeMethod(MethodInvocationHelper.java:139)
at app//org.testng.internal.invokers.InvokeMethodRunnable.runOne(InvokeMethodRunnable.java:47)
at app//org.testng.internal.invokers.InvokeMethodRunnable.call(InvokeMethodRunnable.java:73)
at app//org.testng.internal.invokers.InvokeMethodRunnable.call(InvokeMethodRunnable.java:11)
at java.base@15.0.1/java.util.concurrent.FutureTask.run(FutureTask.java:264)
at java.base@15.0.1/java.util.concurrent.ThreadPoolExecutor.runWorker(ThreadPoolExecutor.java:1130)
at java.base@15.0.1/java.util.concurrent.ThreadPoolExecutor$Worker.run(ThreadPoolExecutor.java:630)
at java.base@15.0.1/java.lang.Thread.run(Thread.java:832)
]]>
    </error>
  </testcase> <!-- testmethod2 -->
  <testcase classname="com.hyrtutorials.testng.TestAttributes" name="testmethod1" time="12.191"/>
  <testcase classname="com.hyrtutorials.testng.TestAttributes" name="testmethod3" time="17.379"/>
</testsuite> <!-- com.hyrtutorials.testng.TestAttributes -->
